2021-03-15T13:26:26+00:00 CRITICAL Uncaught Error: Call to a member function get_price() on null in /var/www/shop.netping.xa6.ru/wp-content/themes/npshop/functions.php:351
Stack trace:
#0 /var/www/shop.netping.xa6.ru/wp-includes/class-wp-hook.php(294): add_stuff_to_prices(NULL)
#1 /var/www/shop.netping.xa6.ru/wp-includes/plugin.php(212): WP_Hook->apply_filters(NULL, Array)
#2 /var/www/shop.netping.xa6.ru/wp-content/plugins/woocommerce/includes/class-wc-product-variable.php(170): apply_filters('woocommerce_get...', NULL, Object(WC_Product_Variable))
#3 /var/www/shop.netping.xa6.ru/wp-content/plugins/woocommerce/templates/single-product/price.php(25): WC_Product_Variable->get_price_html()
#4 /var/www/shop.netping.xa6.ru/wp-content/plugins/woocommerce/includes/wc-core-functions.php(345): include('/var/www/shop.n...')
#5 /var/www/shop.netping.xa6.ru/wp-content/plugins/woocommerce/includes/wc-template-functions.php(1569): wc_get_template('single-product/...')
#6 /var/www/shop.netping.xa6.ru/wp-includes/class-wp-hook.php(292): woocommerce_template_s в /var/www/shop.netping.xa6.ru/wp-content/themes/npshop/functions.php на строке 351

2021-03-15T15:27:30+00:00 CRITICAL Uncaught Error: Call to a member function is_type() on null in /var/www/shop.netping.xa6.ru/wp-content/themes/npshop/functions.php:365
Stack trace:
#0 /var/www/shop.netping.xa6.ru/wp-includes/class-wp-hook.php(292): custom_variable_price_format('<del><span clas...', 18000, 18000)
#1 /var/www/shop.netping.xa6.ru/wp-includes/plugin.php(212): WP_Hook->apply_filters('<del><span clas...', Array)
#2 /var/www/shop.netping.xa6.ru/wp-content/plugins/woocommerce/includes/wc-formatting-functions.php(1269): apply_filters('woocommerce_for...', '<del><span clas...', 18000, 18000)
#3 /var/www/shop.netping.xa6.ru/wp-content/themes/npshop/functions.php(355): wc_format_sale_price(18000, 18000)
#4 /var/www/shop.netping.xa6.ru/wp-includes/class-wp-hook.php(294): add_stuff_to_prices(NULL)
#5 /var/www/shop.netping.xa6.ru/wp-includes/plugin.php(212): WP_Hook->apply_filters(NULL, Array)
#6 /var/www/shop.netping.xa6.ru/wp-content/plugins/woocommerce/includes/class-wc-product-variable.php(170): apply_filters('woocommerce_get...', NULL в /var/www/shop.netping.xa6.ru/wp-content/themes/npshop/functions.php на строке 365

2021-03-15T15:27:30+00:00 CRITICAL Uncaught Error: Call to a member function is_type() on null in /var/www/shop.netping.xa6.ru/wp-content/themes/npshop/functions.php:365
Stack trace:
#0 /var/www/shop.netping.xa6.ru/wp-includes/class-wp-hook.php(292): custom_variable_price_format('<del><span clas...', 18000, 18000)
#1 /var/www/shop.netping.xa6.ru/wp-includes/plugin.php(212): WP_Hook->apply_filters('<del><span clas...', Array)
#2 /var/www/shop.netping.xa6.ru/wp-content/plugins/woocommerce/includes/wc-formatting-functions.php(1269): apply_filters('woocommerce_for...', '<del><span clas...', 18000, 18000)
#3 /var/www/shop.netping.xa6.ru/wp-content/themes/npshop/functions.php(355): wc_format_sale_price(18000, 18000)
#4 /var/www/shop.netping.xa6.ru/wp-includes/class-wp-hook.php(294): add_stuff_to_prices(NULL)
#5 /var/www/shop.netping.xa6.ru/wp-includes/plugin.php(212): WP_Hook->apply_filters(NULL, Array)
#6 /var/www/shop.netping.xa6.ru/wp-content/plugins/woocommerce/includes/class-wc-product-variable.php(170): apply_filters('woocommerce_get...', NULL в /var/www/shop.netping.xa6.ru/wp-content/themes/npshop/functions.php на строке 365

2021-03-15T16:43:42+00:00 CRITICAL Uncaught Error: Call to a member function is_type() on null in /var/www/shop.netping.xa6.ru/wp-content/themes/npshop/functions.php:363
Stack trace:
#0 /var/www/shop.netping.xa6.ru/wp-includes/class-wp-hook.php(292): custom_variable_price_format('<span class="wo...', Object(WC_Product_Variable))
#1 /var/www/shop.netping.xa6.ru/wp-includes/plugin.php(212): WP_Hook->apply_filters('<span class="wo...', Array)
#2 /var/www/shop.netping.xa6.ru/wp-content/plugins/woocommerce/includes/class-wc-product-variable.php(167): apply_filters('woocommerce_var...', '<span class="wo...', Object(WC_Product_Variable))
#3 /var/www/shop.netping.xa6.ru/wp-content/plugins/woocommerce/templates/single-product/price.php(25): WC_Product_Variable->get_price_html()
#4 /var/www/shop.netping.xa6.ru/wp-content/plugins/woocommerce/includes/wc-core-functions.php(345): include('/var/www/shop.n...')
#5 /var/www/shop.netping.xa6.ru/wp-content/plugins/woocommerce/includes/wc-template-functions.php(1569): wc_get_template('single-product/...')
#6 /va в /var/www/shop.netping.xa6.ru/wp-content/themes/npshop/functions.php на строке 363

2021-03-15T16:43:42+00:00 CRITICAL Uncaught Error: Call to a member function is_type() on null in /var/www/shop.netping.xa6.ru/wp-content/themes/npshop/functions.php:363
Stack trace:
#0 /var/www/shop.netping.xa6.ru/wp-includes/class-wp-hook.php(292): custom_variable_price_format('<span class="wo...', Object(WC_Product_Variable))
#1 /var/www/shop.netping.xa6.ru/wp-includes/plugin.php(212): WP_Hook->apply_filters('<span class="wo...', Array)
#2 /var/www/shop.netping.xa6.ru/wp-content/plugins/woocommerce/includes/class-wc-product-variable.php(167): apply_filters('woocommerce_var...', '<span class="wo...', Object(WC_Product_Variable))
#3 /var/www/shop.netping.xa6.ru/wp-content/plugins/woocommerce/templates/single-product/price.php(25): WC_Product_Variable->get_price_html()
#4 /var/www/shop.netping.xa6.ru/wp-content/plugins/woocommerce/includes/wc-core-functions.php(345): include('/var/www/shop.n...')
#5 /var/www/shop.netping.xa6.ru/wp-content/plugins/woocommerce/includes/wc-template-functions.php(1569): wc_get_template('single-product/...')
#6 /va в /var/www/shop.netping.xa6.ru/wp-content/themes/npshop/functions.php на строке 363

2021-03-15T16:48:17+00:00 CRITICAL Uncaught Error: Call to a member function is_type() on null in /var/www/shop.netping.xa6.ru/wp-content/themes/npshop/functions.php:364
Stack trace:
#0 /var/www/shop.netping.xa6.ru/wp-includes/class-wp-hook.php(292): custom_variable_price_format('<span class="wo...', Object(WC_Product_Variable))
#1 /var/www/shop.netping.xa6.ru/wp-includes/plugin.php(212): WP_Hook->apply_filters('<span class="wo...', Array)
#2 /var/www/shop.netping.xa6.ru/wp-content/plugins/woocommerce/includes/class-wc-product-variable.php(167): apply_filters('woocommerce_var...', '<span class="wo...', Object(WC_Product_Variable))
#3 /var/www/shop.netping.xa6.ru/wp-content/plugins/woocommerce/templates/single-product/price.php(25): WC_Product_Variable->get_price_html()
#4 /var/www/shop.netping.xa6.ru/wp-content/plugins/woocommerce/includes/wc-core-functions.php(345): include('/var/www/shop.n...')
#5 /var/www/shop.netping.xa6.ru/wp-content/plugins/woocommerce/includes/wc-template-functions.php(1569): wc_get_template('single-product/...')
#6 /va в /var/www/shop.netping.xa6.ru/wp-content/themes/npshop/functions.php на строке 364

2021-03-15T17:13:47+00:00 CRITICAL Uncaught Error: Call to a member function is_type() on string in /var/www/shop.netping.xa6.ru/wp-content/themes/npshop/functions.php:354
Stack trace:
#0 /var/www/shop.netping.xa6.ru/wp-includes/class-wp-hook.php(292): custom_variable_sale_price_format('<del><span clas...', 26000, 18000)
#1 /var/www/shop.netping.xa6.ru/wp-includes/plugin.php(212): WP_Hook->apply_filters('<del><span clas...', Array)
#2 /var/www/shop.netping.xa6.ru/wp-content/plugins/woocommerce/includes/wc-formatting-functions.php(1269): apply_filters('woocommerce_for...', '<del><span clas...', 26000, 18000)
#3 /var/www/shop.netping.xa6.ru/wp-content/plugins/woocommerce/includes/abstracts/abstract-wc-product.php(1798): wc_format_sale_price(26000, 18000)
#4 /var/www/shop.netping.xa6.ru/wp-content/plugins/woocommerce/includes/class-wc-product-variable.php(382): WC_Product->get_price_html()
#5 /var/www/shop.netping.xa6.ru/wp-content/plugins/woocommerce/includes/class-wc-product-variable.php(312): WC_Product_Variable->get_available_variation(Object в /var/www/shop.netping.xa6.ru/wp-content/themes/npshop/functions.php на строке 354

2021-03-15T17:14:30+00:00 CRITICAL Uncaught Error: Call to a member function is_type() on string in /var/www/shop.netping.xa6.ru/wp-content/themes/npshop/functions.php:355
Stack trace:
#0 /var/www/shop.netping.xa6.ru/wp-includes/class-wp-hook.php(292): custom_variable_sale_price_format('<del><span clas...', 26000, 18000)
#1 /var/www/shop.netping.xa6.ru/wp-includes/plugin.php(212): WP_Hook->apply_filters('<del><span clas...', Array)
#2 /var/www/shop.netping.xa6.ru/wp-content/plugins/woocommerce/includes/wc-formatting-functions.php(1269): apply_filters('woocommerce_for...', '<del><span clas...', 26000, 18000)
#3 /var/www/shop.netping.xa6.ru/wp-content/plugins/woocommerce/includes/abstracts/abstract-wc-product.php(1798): wc_format_sale_price(26000, 18000)
#4 /var/www/shop.netping.xa6.ru/wp-content/plugins/woocommerce/includes/class-wc-product-variable.php(382): WC_Product->get_price_html()
#5 /var/www/shop.netping.xa6.ru/wp-content/plugins/woocommerce/includes/class-wc-product-variable.php(312): WC_Product_Variable->get_available_variation(Object в /var/www/shop.netping.xa6.ru/wp-content/themes/npshop/functions.php на строке 355

2021-03-15T17:15:02+00:00 CRITICAL Uncaught Error: Call to a member function is_type() on null in /var/www/shop.netping.xa6.ru/wp-content/themes/npshop/functions.php:355
Stack trace:
#0 /var/www/shop.netping.xa6.ru/wp-includes/class-wp-hook.php(292): custom_variable_sale_price_format('<del><span clas...', 26000, 18000)
#1 /var/www/shop.netping.xa6.ru/wp-includes/plugin.php(212): WP_Hook->apply_filters('<del><span clas...', Array)
#2 /var/www/shop.netping.xa6.ru/wp-content/plugins/woocommerce/includes/wc-formatting-functions.php(1269): apply_filters('woocommerce_for...', '<del><span clas...', 26000, 18000)
#3 /var/www/shop.netping.xa6.ru/wp-content/plugins/woocommerce/includes/abstracts/abstract-wc-product.php(1798): wc_format_sale_price(26000, 18000)
#4 /var/www/shop.netping.xa6.ru/wp-content/plugins/woocommerce/includes/class-wc-product-variable.php(382): WC_Product->get_price_html()
#5 /var/www/shop.netping.xa6.ru/wp-content/plugins/woocommerce/includes/class-wc-product-variable.php(312): WC_Product_Variable->get_available_variation(Object(W в /var/www/shop.netping.xa6.ru/wp-content/themes/npshop/functions.php на строке 355

2021-03-15T18:46:20+00:00 CRITICAL Uncaught Error: Call to undefined function is_on_sale() in /var/www/shop.netping.xa6.ru/wp-content/themes/npshop/functions.php:363
Stack trace:
#0 /var/www/shop.netping.xa6.ru/wp-includes/class-wp-hook.php(292): my_variation(Array, Object(WC_Product_Variable), Object(WC_Product_Variation))
#1 /var/www/shop.netping.xa6.ru/wp-includes/plugin.php(212): WP_Hook->apply_filters(Array, Array)
#2 /var/www/shop.netping.xa6.ru/wp-content/plugins/woocommerce/includes/class-wc-product-variable.php(392): apply_filters('woocommerce_ava...', Array, Object(WC_Product_Variable), Object(WC_Product_Variation))
#3 /var/www/shop.netping.xa6.ru/wp-content/plugins/woocommerce/includes/class-wc-product-variable.php(312): WC_Product_Variable->get_available_variation(Object(WC_Product_Variation))
#4 /var/www/shop.netping.xa6.ru/wp-content/plugins/woocommerce/includes/wc-template-functions.php(1668): WC_Product_Variable->get_available_variations()
#5 /var/www/shop.netping.xa6.ru/wp-includes/class-wp-hook.php(292): woocommerce_variable_ в /var/www/shop.netping.xa6.ru/wp-content/themes/npshop/functions.php на строке 363

2021-03-15T18:54:02+00:00 CRITICAL Uncaught Error: Call to undefined function is_on_sale() in /var/www/shop.netping.xa6.ru/wp-content/themes/npshop/functions.php:363
Stack trace:
#0 /var/www/shop.netping.xa6.ru/wp-includes/class-wp-hook.php(292): my_variation(Array, Object(WC_Product_Variable), Object(WC_Product_Variation))
#1 /var/www/shop.netping.xa6.ru/wp-includes/plugin.php(212): WP_Hook->apply_filters(Array, Array)
#2 /var/www/shop.netping.xa6.ru/wp-content/plugins/woocommerce/includes/class-wc-product-variable.php(392): apply_filters('woocommerce_ava...', Array, Object(WC_Product_Variable), Object(WC_Product_Variation))
#3 /var/www/shop.netping.xa6.ru/wp-content/plugins/woocommerce/includes/class-wc-product-variable.php(312): WC_Product_Variable->get_available_variation(Object(WC_Product_Variation))
#4 /var/www/shop.netping.xa6.ru/wp-content/plugins/woocommerce/includes/wc-template-functions.php(1668): WC_Product_Variable->get_available_variations()
#5 /var/www/shop.netping.xa6.ru/wp-includes/class-wp-hook.php(292): woocommerce_variable_ в /var/www/shop.netping.xa6.ru/wp-content/themes/npshop/functions.php на строке 363

2021-03-15T18:54:02+00:00 CRITICAL Uncaught Error: Call to undefined function is_on_sale() in /var/www/shop.netping.xa6.ru/wp-content/themes/npshop/functions.php:363
Stack trace:
#0 /var/www/shop.netping.xa6.ru/wp-includes/class-wp-hook.php(292): my_variation(Array, Object(WC_Product_Variable), Object(WC_Product_Variation))
#1 /var/www/shop.netping.xa6.ru/wp-includes/plugin.php(212): WP_Hook->apply_filters(Array, Array)
#2 /var/www/shop.netping.xa6.ru/wp-content/plugins/woocommerce/includes/class-wc-product-variable.php(392): apply_filters('woocommerce_ava...', Array, Object(WC_Product_Variable), Object(WC_Product_Variation))
#3 /var/www/shop.netping.xa6.ru/wp-content/plugins/woocommerce/includes/class-wc-product-variable.php(312): WC_Product_Variable->get_available_variation(Object(WC_Product_Variation))
#4 /var/www/shop.netping.xa6.ru/wp-content/plugins/woocommerce/includes/wc-template-functions.php(1668): WC_Product_Variable->get_available_variations()
#5 /var/www/shop.netping.xa6.ru/wp-includes/class-wp-hook.php(292): woocommerce_variable_ в /var/www/shop.netping.xa6.ru/wp-content/themes/npshop/functions.php на строке 363

