2021-03-19T00:08:26+00:00 CRITICAL Uncaught Error: Call to a member function is_type() on null in /var/www/shop.netping.xa6.ru/wp-content/themes/npshop/functions.php:297
Stack trace:
#0 /var/www/shop.netping.xa6.ru/wp-settings.php(528): include()
#1 /var/www/shop.netping.xa6.ru/wp-config.php(81): require_once('/var/www/shop.n...')
#2 /var/www/shop.netping.xa6.ru/wp-load.php(37): require_once('/var/www/shop.n...')
#3 /var/www/shop.netping.xa6.ru/wp-blog-header.php(13): require_once('/var/www/shop.n...')
#4 /var/www/shop.netping.xa6.ru/index.php(17): require('/var/www/shop.n...')
#5 {main}
  thrown в /var/www/shop.netping.xa6.ru/wp-content/themes/npshop/functions.php на строке 297

2021-03-19T00:08:26+00:00 CRITICAL Uncaught Error: Call to a member function is_type() on null in /var/www/shop.netping.xa6.ru/wp-content/themes/npshop/functions.php:297
Stack trace:
#0 /var/www/shop.netping.xa6.ru/wp-settings.php(528): include()
#1 /var/www/shop.netping.xa6.ru/wp-config.php(81): require_once('/var/www/shop.n...')
#2 /var/www/shop.netping.xa6.ru/wp-load.php(37): require_once('/var/www/shop.n...')
#3 /var/www/shop.netping.xa6.ru/wp-blog-header.php(13): require_once('/var/www/shop.n...')
#4 /var/www/shop.netping.xa6.ru/index.php(17): require('/var/www/shop.n...')
#5 {main}
  thrown в /var/www/shop.netping.xa6.ru/wp-content/themes/npshop/functions.php на строке 297

2021-03-19T00:08:59+00:00 CRITICAL Uncaught Error: Call to a member function is_type() on null in /var/www/shop.netping.xa6.ru/wp-content/themes/npshop/functions.php:297
Stack trace:
#0 /var/www/shop.netping.xa6.ru/wp-settings.php(528): include()
#1 /var/www/shop.netping.xa6.ru/wp-config.php(81): require_once('/var/www/shop.n...')
#2 /var/www/shop.netping.xa6.ru/wp-load.php(37): require_once('/var/www/shop.n...')
#3 /var/www/shop.netping.xa6.ru/wp-admin/admin-ajax.php(22): require_once('/var/www/shop.n...')
#4 {main}
  thrown в /var/www/shop.netping.xa6.ru/wp-content/themes/npshop/functions.php на строке 297

2021-03-19T00:10:59+00:00 CRITICAL Uncaught Error: Call to a member function is_type() on null in /var/www/shop.netping.xa6.ru/wp-content/themes/npshop/functions.php:297
Stack trace:
#0 /var/www/shop.netping.xa6.ru/wp-settings.php(528): include()
#1 /var/www/shop.netping.xa6.ru/wp-config.php(81): require_once('/var/www/shop.n...')
#2 /var/www/shop.netping.xa6.ru/wp-load.php(37): require_once('/var/www/shop.n...')
#3 /var/www/shop.netping.xa6.ru/wp-admin/admin-ajax.php(22): require_once('/var/www/shop.n...')
#4 {main}
  thrown в /var/www/shop.netping.xa6.ru/wp-content/themes/npshop/functions.php на строке 297

2021-03-19T00:12:59+00:00 CRITICAL Uncaught Error: Call to a member function is_type() on null in /var/www/shop.netping.xa6.ru/wp-content/themes/npshop/functions.php:297
Stack trace:
#0 /var/www/shop.netping.xa6.ru/wp-settings.php(528): include()
#1 /var/www/shop.netping.xa6.ru/wp-config.php(81): require_once('/var/www/shop.n...')
#2 /var/www/shop.netping.xa6.ru/wp-load.php(37): require_once('/var/www/shop.n...')
#3 /var/www/shop.netping.xa6.ru/wp-admin/admin-ajax.php(22): require_once('/var/www/shop.n...')
#4 {main}
  thrown в /var/www/shop.netping.xa6.ru/wp-content/themes/npshop/functions.php на строке 297

2021-03-19T00:14:59+00:00 CRITICAL Uncaught Error: Call to a member function is_type() on null in /var/www/shop.netping.xa6.ru/wp-content/themes/npshop/functions.php:297
Stack trace:
#0 /var/www/shop.netping.xa6.ru/wp-settings.php(528): include()
#1 /var/www/shop.netping.xa6.ru/wp-config.php(81): require_once('/var/www/shop.n...')
#2 /var/www/shop.netping.xa6.ru/wp-load.php(37): require_once('/var/www/shop.n...')
#3 /var/www/shop.netping.xa6.ru/wp-admin/admin-ajax.php(22): require_once('/var/www/shop.n...')
#4 {main}
  thrown в /var/www/shop.netping.xa6.ru/wp-content/themes/npshop/functions.php на строке 297

2021-03-19T00:16:59+00:00 CRITICAL Uncaught Error: Call to a member function is_type() on null in /var/www/shop.netping.xa6.ru/wp-content/themes/npshop/functions.php:297
Stack trace:
#0 /var/www/shop.netping.xa6.ru/wp-settings.php(528): include()
#1 /var/www/shop.netping.xa6.ru/wp-config.php(81): require_once('/var/www/shop.n...')
#2 /var/www/shop.netping.xa6.ru/wp-load.php(37): require_once('/var/www/shop.n...')
#3 /var/www/shop.netping.xa6.ru/wp-admin/admin-ajax.php(22): require_once('/var/www/shop.n...')
#4 {main}
  thrown в /var/www/shop.netping.xa6.ru/wp-content/themes/npshop/functions.php на строке 297

2021-03-19T00:23:05+00:00 CRITICAL Uncaught Error: Call to a member function is_type() on null in /var/www/shop.netping.xa6.ru/wp-content/themes/npshop/functions.php:297
Stack trace:
#0 /var/www/shop.netping.xa6.ru/wp-settings.php(528): include()
#1 /var/www/shop.netping.xa6.ru/wp-config.php(81): require_once('/var/www/shop.n...')
#2 /var/www/shop.netping.xa6.ru/wp-load.php(37): require_once('/var/www/shop.n...')
#3 /var/www/shop.netping.xa6.ru/wp-blog-header.php(13): require_once('/var/www/shop.n...')
#4 /var/www/shop.netping.xa6.ru/index.php(17): require('/var/www/shop.n...')
#5 {main}
  thrown в /var/www/shop.netping.xa6.ru/wp-content/themes/npshop/functions.php на строке 297

2021-03-19T00:23:05+00:00 CRITICAL Uncaught Error: Call to a member function is_type() on null in /var/www/shop.netping.xa6.ru/wp-content/themes/npshop/functions.php:297
Stack trace:
#0 /var/www/shop.netping.xa6.ru/wp-settings.php(528): include()
#1 /var/www/shop.netping.xa6.ru/wp-config.php(81): require_once('/var/www/shop.n...')
#2 /var/www/shop.netping.xa6.ru/wp-load.php(37): require_once('/var/www/shop.n...')
#3 /var/www/shop.netping.xa6.ru/wp-blog-header.php(13): require_once('/var/www/shop.n...')
#4 /var/www/shop.netping.xa6.ru/index.php(17): require('/var/www/shop.n...')
#5 {main}
  thrown в /var/www/shop.netping.xa6.ru/wp-content/themes/npshop/functions.php на строке 297

2021-03-19T00:23:06+00:00 CRITICAL Uncaught Error: Call to a member function is_type() on null in /var/www/shop.netping.xa6.ru/wp-content/themes/npshop/functions.php:297
Stack trace:
#0 /var/www/shop.netping.xa6.ru/wp-settings.php(528): include()
#1 /var/www/shop.netping.xa6.ru/wp-config.php(81): require_once('/var/www/shop.n...')
#2 /var/www/shop.netping.xa6.ru/wp-load.php(37): require_once('/var/www/shop.n...')
#3 /var/www/shop.netping.xa6.ru/wp-blog-header.php(13): require_once('/var/www/shop.n...')
#4 /var/www/shop.netping.xa6.ru/index.php(17): require('/var/www/shop.n...')
#5 {main}
  thrown в /var/www/shop.netping.xa6.ru/wp-content/themes/npshop/functions.php на строке 297

2021-03-19T11:50:41+00:00 CRITICAL Uncaught Error: Call to a member function get_id() on null in /var/www/shop.netping.xa6.ru/wp-content/themes/npshop/functions.php:290
Stack trace:
#0 /var/www/shop.netping.xa6.ru/wp-includes/class-wp-hook.php(292): add_compatible_products_field('')
#1 /var/www/shop.netping.xa6.ru/wp-includes/class-wp-hook.php(316): WP_Hook->apply_filters('', Array)
#2 /var/www/shop.netping.xa6.ru/wp-includes/plugin.php(484): WP_Hook->do_action(Array)
#3 /var/www/shop.netping.xa6.ru/wp-content/plugins/woocommerce/includes/admin/meta-boxes/views/html-product-data-linked-products.php(64): do_action('woocommerce_pro...')
#4 /var/www/shop.netping.xa6.ru/wp-content/plugins/woocommerce/includes/admin/meta-boxes/class-wc-meta-box-product-data.php(45): include('/var/www/shop.n...')
#5 /var/www/shop.netping.xa6.ru/wp-content/plugins/woocommerce/includes/admin/meta-boxes/views/html-product-data-panel.php(51): WC_Meta_Box_Product_Data::output_tabs()
#6 /var/www/shop.netping.xa6.ru/wp-content/plugins/woocommerce/includes/admin/meta-boxes/ в /var/www/shop.netping.xa6.ru/wp-content/themes/npshop/functions.php на строке 290

2021-03-19T11:50:50+00:00 CRITICAL Uncaught Error: Call to a member function get_id() on null in /var/www/shop.netping.xa6.ru/wp-content/themes/npshop/functions.php:290
Stack trace:
#0 /var/www/shop.netping.xa6.ru/wp-includes/class-wp-hook.php(292): add_compatible_products_field('')
#1 /var/www/shop.netping.xa6.ru/wp-includes/class-wp-hook.php(316): WP_Hook->apply_filters('', Array)
#2 /var/www/shop.netping.xa6.ru/wp-includes/plugin.php(484): WP_Hook->do_action(Array)
#3 /var/www/shop.netping.xa6.ru/wp-content/plugins/woocommerce/includes/admin/meta-boxes/views/html-product-data-linked-products.php(64): do_action('woocommerce_pro...')
#4 /var/www/shop.netping.xa6.ru/wp-content/plugins/woocommerce/includes/admin/meta-boxes/class-wc-meta-box-product-data.php(45): include('/var/www/shop.n...')
#5 /var/www/shop.netping.xa6.ru/wp-content/plugins/woocommerce/includes/admin/meta-boxes/views/html-product-data-panel.php(51): WC_Meta_Box_Product_Data::output_tabs()
#6 /var/www/shop.netping.xa6.ru/wp-content/plugins/woocommerce/includes/admin/meta-boxes/ в /var/www/shop.netping.xa6.ru/wp-content/themes/npshop/functions.php на строке 290

2021-03-19T11:50:52+00:00 CRITICAL Uncaught Error: Call to a member function get_id() on null in /var/www/shop.netping.xa6.ru/wp-content/themes/npshop/functions.php:290
Stack trace:
#0 /var/www/shop.netping.xa6.ru/wp-includes/class-wp-hook.php(292): add_compatible_products_field('')
#1 /var/www/shop.netping.xa6.ru/wp-includes/class-wp-hook.php(316): WP_Hook->apply_filters('', Array)
#2 /var/www/shop.netping.xa6.ru/wp-includes/plugin.php(484): WP_Hook->do_action(Array)
#3 /var/www/shop.netping.xa6.ru/wp-content/plugins/woocommerce/includes/admin/meta-boxes/views/html-product-data-linked-products.php(64): do_action('woocommerce_pro...')
#4 /var/www/shop.netping.xa6.ru/wp-content/plugins/woocommerce/includes/admin/meta-boxes/class-wc-meta-box-product-data.php(45): include('/var/www/shop.n...')
#5 /var/www/shop.netping.xa6.ru/wp-content/plugins/woocommerce/includes/admin/meta-boxes/views/html-product-data-panel.php(51): WC_Meta_Box_Product_Data::output_tabs()
#6 /var/www/shop.netping.xa6.ru/wp-content/plugins/woocommerce/includes/admin/meta-boxes/ в /var/www/shop.netping.xa6.ru/wp-content/themes/npshop/functions.php на строке 290

