2021-03-24T22:40:20+00:00 CRITICAL Uncaught Error: Call to undefined method WC_Product_Variation::get_available_variations() in /var/www/shop.netping.xa6.ru/wp-content/themes/npshop/functions.php:536
Stack trace:
#0 /var/www/shop.netping.xa6.ru/wp-includes/class-wp-hook.php(294): load_variation_settings_fields(Array)
#1 /var/www/shop.netping.xa6.ru/wp-includes/plugin.php(212): WP_Hook->apply_filters(Array, Array)
#2 /var/www/shop.netping.xa6.ru/wp-content/plugins/woocommerce/includes/class-wc-product-variable.php(392): apply_filters('woocommerce_ava...', Array, Object(WC_Product_Variable), Object(WC_Product_Variation))
#3 /var/www/shop.netping.xa6.ru/wp-content/plugins/woocommerce/includes/class-wc-product-variable.php(312): WC_Product_Variable->get_available_variation(Object(WC_Product_Variation))
#4 /var/www/shop.netping.xa6.ru/wp-content/plugins/woocommerce/includes/wc-template-functions.php(1668): WC_Product_Variable->get_available_variations()
#5 /var/www/shop.netping.xa6.ru/wp-includes/class-wp-hook.php(292): woocommerce_variable_add_to_ в /var/www/shop.netping.xa6.ru/wp-content/themes/npshop/functions.php на строке 536

2021-03-24T22:41:33+00:00 CRITICAL Uncaught Error: Call to undefined method WC_Product_Variation::get_available_variations() in /var/www/shop.netping.xa6.ru/wp-content/themes/npshop/functions.php:536
Stack trace:
#0 /var/www/shop.netping.xa6.ru/wp-includes/class-wp-hook.php(294): load_variation_settings_fields(Array)
#1 /var/www/shop.netping.xa6.ru/wp-includes/plugin.php(212): WP_Hook->apply_filters(Array, Array)
#2 /var/www/shop.netping.xa6.ru/wp-content/plugins/woocommerce/includes/class-wc-product-variable.php(392): apply_filters('woocommerce_ava...', Array, Object(WC_Product_Variable), Object(WC_Product_Variation))
#3 /var/www/shop.netping.xa6.ru/wp-content/plugins/woocommerce/includes/class-wc-product-variable.php(312): WC_Product_Variable->get_available_variation(Object(WC_Product_Variation))
#4 /var/www/shop.netping.xa6.ru/wp-content/plugins/woocommerce/includes/wc-template-functions.php(1668): WC_Product_Variable->get_available_variations()
#5 /var/www/shop.netping.xa6.ru/wp-includes/class-wp-hook.php(292): woocommerce_variable_add_to_ в /var/www/shop.netping.xa6.ru/wp-content/themes/npshop/functions.php на строке 536

2021-03-24T23:57:44+00:00 CRITICAL Uncaught Error: Call to undefined method WC_Product_Variation::get_the_title() in /var/www/shop.netping.xa6.ru/wp-content/themes/npshop/functions.php:536
Stack trace:
#0 /var/www/shop.netping.xa6.ru/wp-includes/class-wp-hook.php(294): load_variation_settings_fields(Array)
#1 /var/www/shop.netping.xa6.ru/wp-includes/plugin.php(212): WP_Hook->apply_filters(Array, Array)
#2 /var/www/shop.netping.xa6.ru/wp-content/plugins/woocommerce/includes/class-wc-product-variable.php(392): apply_filters('woocommerce_ava...', Array, Object(WC_Product_Variable), Object(WC_Product_Variation))
#3 /var/www/shop.netping.xa6.ru/wp-content/plugins/woocommerce/includes/class-wc-product-variable.php(312): WC_Product_Variable->get_available_variation(Object(WC_Product_Variation))
#4 /var/www/shop.netping.xa6.ru/wp-content/plugins/woocommerce/includes/wc-template-functions.php(1668): WC_Product_Variable->get_available_variations()
#5 /var/www/shop.netping.xa6.ru/wp-includes/class-wp-hook.php(292): woocommerce_variable_add_to_cart('')
#6 в /var/www/shop.netping.xa6.ru/wp-content/themes/npshop/functions.php на строке 536

2021-03-24T23:58:06+00:00 CRITICAL Uncaught Error: Call to undefined method WC_Product_Variation::the_title() in /var/www/shop.netping.xa6.ru/wp-content/themes/npshop/functions.php:536
Stack trace:
#0 /var/www/shop.netping.xa6.ru/wp-includes/class-wp-hook.php(294): load_variation_settings_fields(Array)
#1 /var/www/shop.netping.xa6.ru/wp-includes/plugin.php(212): WP_Hook->apply_filters(Array, Array)
#2 /var/www/shop.netping.xa6.ru/wp-content/plugins/woocommerce/includes/class-wc-product-variable.php(392): apply_filters('woocommerce_ava...', Array, Object(WC_Product_Variable), Object(WC_Product_Variation))
#3 /var/www/shop.netping.xa6.ru/wp-content/plugins/woocommerce/includes/class-wc-product-variable.php(312): WC_Product_Variable->get_available_variation(Object(WC_Product_Variation))
#4 /var/www/shop.netping.xa6.ru/wp-content/plugins/woocommerce/includes/wc-template-functions.php(1668): WC_Product_Variable->get_available_variations()
#5 /var/www/shop.netping.xa6.ru/wp-includes/class-wp-hook.php(292): woocommerce_variable_add_to_cart('')
#6 /va в /var/www/shop.netping.xa6.ru/wp-content/themes/npshop/functions.php на строке 536

2021-03-24T23:58:48+00:00 CRITICAL Uncaught Error: Cannot use object of type WC_Product_Variation as array in /var/www/shop.netping.xa6.ru/wp-content/themes/npshop/functions.php:536
Stack trace:
#0 /var/www/shop.netping.xa6.ru/wp-includes/class-wp-hook.php(294): load_variation_settings_fields(Array)
#1 /var/www/shop.netping.xa6.ru/wp-includes/plugin.php(212): WP_Hook->apply_filters(Array, Array)
#2 /var/www/shop.netping.xa6.ru/wp-content/plugins/woocommerce/includes/class-wc-product-variable.php(392): apply_filters('woocommerce_ava...', Array, Object(WC_Product_Variable), Object(WC_Product_Variation))
#3 /var/www/shop.netping.xa6.ru/wp-content/plugins/woocommerce/includes/class-wc-product-variable.php(312): WC_Product_Variable->get_available_variation(Object(WC_Product_Variation))
#4 /var/www/shop.netping.xa6.ru/wp-content/plugins/woocommerce/includes/wc-template-functions.php(1668): WC_Product_Variable->get_available_variations()
#5 /var/www/shop.netping.xa6.ru/wp-includes/class-wp-hook.php(292): woocommerce_variable_add_to_cart('')
#6 /var/w в /var/www/shop.netping.xa6.ru/wp-content/themes/npshop/functions.php на строке 536

