2021-03-25T00:01:47+00:00 CRITICAL Only variables can be passed by reference в /var/www/shop.netping.xa6.ru/wp-content/themes/npshop/functions.php на строке 535

2021-03-25T00:01:48+00:00 CRITICAL Only variables can be passed by reference в /var/www/shop.netping.xa6.ru/wp-content/themes/npshop/functions.php на строке 535

2021-03-25T00:01:56+00:00 CRITICAL Only variables can be passed by reference в /var/www/shop.netping.xa6.ru/wp-content/themes/npshop/functions.php на строке 535

2021-03-25T00:01:57+00:00 CRITICAL Only variables can be passed by reference в /var/www/shop.netping.xa6.ru/wp-content/themes/npshop/functions.php на строке 535

2021-03-25T00:05:34+00:00 CRITICAL Only variables can be passed by reference в /var/www/shop.netping.xa6.ru/wp-content/themes/npshop/functions.php на строке 535

2021-03-25T00:05:34+00:00 CRITICAL Only variables can be passed by reference в /var/www/shop.netping.xa6.ru/wp-content/themes/npshop/functions.php на строке 535

2021-03-25T00:35:49+00:00 CRITICAL Uncaught Error: Function name must be a string in /var/www/shop.netping.xa6.ru/wp-content/themes/npshop/functions.php:538
Stack trace:
#0 /var/www/shop.netping.xa6.ru/wp-includes/class-wp-hook.php(294): load_variation_settings_fields(Array)
#1 /var/www/shop.netping.xa6.ru/wp-includes/plugin.php(212): WP_Hook->apply_filters(Array, Array)
#2 /var/www/shop.netping.xa6.ru/wp-content/plugins/woocommerce/includes/class-wc-product-variable.php(392): apply_filters('woocommerce_ava...', Array, Object(WC_Product_Variable), Object(WC_Product_Variation))
#3 /var/www/shop.netping.xa6.ru/wp-content/plugins/woocommerce/includes/class-wc-product-variable.php(312): WC_Product_Variable->get_available_variation(Object(WC_Product_Variation))
#4 /var/www/shop.netping.xa6.ru/wp-content/plugins/woocommerce/includes/wc-template-functions.php(1668): WC_Product_Variable->get_available_variations()
#5 /var/www/shop.netping.xa6.ru/wp-includes/class-wp-hook.php(292): woocommerce_variable_add_to_cart('')
#6 /var/www/shop.netping.xa6.ru/wp в /var/www/shop.netping.xa6.ru/wp-content/themes/npshop/functions.php на строке 538

2021-03-25T00:41:44+00:00 CRITICAL Uncaught Error: Call to undefined function typeof() in /var/www/shop.netping.xa6.ru/wp-content/themes/npshop/functions.php:538
Stack trace:
#0 /var/www/shop.netping.xa6.ru/wp-includes/class-wp-hook.php(294): load_variation_settings_fields(Array)
#1 /var/www/shop.netping.xa6.ru/wp-includes/plugin.php(212): WP_Hook->apply_filters(Array, Array)
#2 /var/www/shop.netping.xa6.ru/wp-content/plugins/woocommerce/includes/class-wc-product-variable.php(392): apply_filters('woocommerce_ava...', Array, Object(WC_Product_Variable), Object(WC_Product_Variation))
#3 /var/www/shop.netping.xa6.ru/wp-content/plugins/woocommerce/includes/class-wc-product-variable.php(312): WC_Product_Variable->get_available_variation(Object(WC_Product_Variation))
#4 /var/www/shop.netping.xa6.ru/wp-content/plugins/woocommerce/includes/wc-template-functions.php(1668): WC_Product_Variable->get_available_variations()
#5 /var/www/shop.netping.xa6.ru/wp-includes/class-wp-hook.php(292): woocommerce_variable_add_to_cart('')
#6 /var/www/shop.netping.xa6. в /var/www/shop.netping.xa6.ru/wp-content/themes/npshop/functions.php на строке 538

2021-03-25T13:22:04+00:00 CRITICAL Redefinition of parameter $title_base в /var/www/shop.netping.xa6.ru/wp-content/themes/npshop/functions.php на строке 553

2021-03-25T13:22:04+00:00 CRITICAL Redefinition of parameter $title_base в /var/www/shop.netping.xa6.ru/wp-content/themes/npshop/functions.php на строке 553

2021-03-25T13:22:05+00:00 CRITICAL Redefinition of parameter $title_base в /var/www/shop.netping.xa6.ru/wp-content/themes/npshop/functions.php на строке 553

2021-03-25T14:56:42+00:00 CRITICAL Uncaught Error: Call to a member function get_name() on null in /var/www/shop.netping.xa6.ru/wp-content/themes/npshop/functions.php:544
Stack trace:
#0 /var/www/shop.netping.xa6.ru/wp-includes/class-wp-hook.php(294): load_variation_settings_fields(Array)
#1 /var/www/shop.netping.xa6.ru/wp-includes/plugin.php(212): WP_Hook->apply_filters(Array, Array)
#2 /var/www/shop.netping.xa6.ru/wp-content/plugins/woocommerce/includes/class-wc-product-variable.php(392): apply_filters('woocommerce_ava...', Array, Object(WC_Product_Variable), Object(WC_Product_Variation))
#3 /var/www/shop.netping.xa6.ru/wp-content/plugins/woocommerce/includes/class-wc-product-variable.php(312): WC_Product_Variable->get_available_variation(Object(WC_Product_Variation))
#4 /var/www/shop.netping.xa6.ru/wp-content/plugins/woocommerce/includes/wc-template-functions.php(1668): WC_Product_Variable->get_available_variations()
#5 /var/www/shop.netping.xa6.ru/wp-includes/class-wp-hook.php(292): woocommerce_variable_add_to_cart('')
#6 /var/www/shop.net в /var/www/shop.netping.xa6.ru/wp-content/themes/npshop/functions.php на строке 544

