2021-03-20T22:45:26+00:00 CRITICAL Uncaught Error: Call to a member function get_post_meta() on null in /var/www/shop.netping.xa6.ru/wp-content/themes/npshop/functions.php:344
Stack trace:
#0 /var/www/shop.netping.xa6.ru/wp-includes/class-wp-hook.php(292): compatible_devices_list('')
#1 /var/www/shop.netping.xa6.ru/wp-includes/class-wp-hook.php(316): WP_Hook->apply_filters(NULL, Array)
#2 /var/www/shop.netping.xa6.ru/wp-includes/plugin.php(484): WP_Hook->do_action(Array)
#3 /var/www/shop.netping.xa6.ru/wp-content/plugins/woocommerce/templates/content-single-product.php(72): do_action('woocommerce_aft...')
#4 /var/www/shop.netping.xa6.ru/wp-includes/template.php(732): require('/var/www/shop.n...')
#5 /var/www/shop.netping.xa6.ru/wp-content/plugins/woocommerce/includes/wc-core-functions.php(284): load_template('/var/www/shop.n...', false)
#6 /var/www/shop.netping.xa6.ru/wp-content/plugins/woocommerce/templates/single-product.php(37): wc_get_template_part('content', 'single-product')
#7 /var/www/shop.netping.xa6.ru/wp-includes/template-loader.php в /var/www/shop.netping.xa6.ru/wp-content/themes/npshop/functions.php на строке 344

2021-03-20T23:20:44+00:00 CRITICAL Uncaught Error: Call to undefined method WP_Post::get_ID() in /var/www/shop.netping.xa6.ru/wp-content/themes/npshop/functions.php:345
Stack trace:
#0 /var/www/shop.netping.xa6.ru/wp-includes/class-wp-hook.php(292): compatible_devices_list('')
#1 /var/www/shop.netping.xa6.ru/wp-includes/class-wp-hook.php(316): WP_Hook->apply_filters(NULL, Array)
#2 /var/www/shop.netping.xa6.ru/wp-includes/plugin.php(484): WP_Hook->do_action(Array)
#3 /var/www/shop.netping.xa6.ru/wp-content/plugins/woocommerce/templates/content-single-product.php(72): do_action('woocommerce_aft...')
#4 /var/www/shop.netping.xa6.ru/wp-includes/template.php(732): require('/var/www/shop.n...')
#5 /var/www/shop.netping.xa6.ru/wp-content/plugins/woocommerce/includes/wc-core-functions.php(284): load_template('/var/www/shop.n...', false)
#6 /var/www/shop.netping.xa6.ru/wp-content/plugins/woocommerce/templates/single-product.php(37): wc_get_template_part('content', 'single-product')
#7 /var/www/shop.netping.xa6.ru/wp-includes/template-loader.php(106):  в /var/www/shop.netping.xa6.ru/wp-content/themes/npshop/functions.php на строке 345

2021-03-20T23:47:09+00:00 CRITICAL Uncaught Error: Call to a member function add_to_cart_url() on null in /var/www/shop.netping.xa6.ru/wp-content/themes/npshop/functions.php:350
Stack trace:
#0 /var/www/shop.netping.xa6.ru/wp-includes/class-wp-hook.php(292): compatible_devices_list('')
#1 /var/www/shop.netping.xa6.ru/wp-includes/class-wp-hook.php(316): WP_Hook->apply_filters(NULL, Array)
#2 /var/www/shop.netping.xa6.ru/wp-includes/plugin.php(484): WP_Hook->do_action(Array)
#3 /var/www/shop.netping.xa6.ru/wp-content/plugins/woocommerce/templates/content-single-product.php(72): do_action('woocommerce_aft...')
#4 /var/www/shop.netping.xa6.ru/wp-includes/template.php(732): require('/var/www/shop.n...')
#5 /var/www/shop.netping.xa6.ru/wp-content/plugins/woocommerce/includes/wc-core-functions.php(284): load_template('/var/www/shop.n...', false)
#6 /var/www/shop.netping.xa6.ru/wp-content/plugins/woocommerce/templates/single-product.php(37): wc_get_template_part('content', 'single-product')
#7 /var/www/shop.netping.xa6.ru/wp-includes/template-loader.p в /var/www/shop.netping.xa6.ru/wp-content/themes/npshop/functions.php на строке 350

